<?xml version="1.0" encoding="UTF-8"?>
<!-- Generated by org.testng.reporters.JUnitReportReporter -->
<testsuite skipped="0" hostname="LAPTOP-R0L097FB" name="MagentoTest" tests="1" failures="0" timestamp="13 Oct 2018 06:04:22 GMT" time="115.838" errors="0">
  <testcase name="first" time="115.838" classname="MagentoTest"/>
</testsuite> <!-- MagentoTest -->
